#
# There is insufficient memory for the Java Runtime Environment to continue.
# Native memory allocation (mmap) failed to map 31457280 bytes. Error detail: G1 virtual space
# Possible reasons:
#   The system is out of physical RAM or swap space
#   This process is running with CompressedOops enabled, and the Java Heap may be blocking the growth of the native heap
# Possible solutions:
#   Reduce memory load on the system
#   Increase physical memory or swap space
#   Check if swap backing store is full
#   Decrease Java heap size (-Xmx/-Xms)
#   Decrease number of Java threads
#   Decrease Java thread stack sizes (-Xss)
#   Set larger code cache with -XX:ReservedCodeCacheSize=
#   JVM is running with Unscaled Compressed Oops mode in which the Java heap is
#     placed in the first 4GB address space. The Java Heap base address is the
#     maximum limit for the native heap growth. Please use -XX:HeapBaseMinAddress
#     to set the Java Heap base and to place the Java Heap above 4GB virtual address.
# This output file may be truncated or incomplete.
#
#  Out of Memory Error (os_windows.cpp:3554), pid=95072, tid=89308
#
# JRE version: Java(TM) SE Runtime Environment (25.0.1+8) (build 25.0.1+8-LTS-27)
# Java VM: Java HotSpot(TM) 64-Bit Server VM (25.0.1+8-LTS-27, mixed mode, sharing, tiered, compressed oops, compressed class ptrs, g1 gc, windows-amd64)
# No core dump will be written. Minidumps are not enabled by default on client versions of Windows
#

---------------  S U M M A R Y ------------

Command Line: -Dapplication.home=C:\Program Files\Java\jdk-25 --add-modules=ALL-DEFAULT -Xms8m -Djdk.module.main=jdk.compiler jdk.compiler/com.sun.tools.javac.Main -d bin -sourcepath src src\Main.java

Host: AMD Ryzen 3 7320U with Radeon Graphics         , 8 cores, 7G,  Windows 11 , 64 bit Build 26100 (10.0.26100.7019)
Time: Fri Nov 28 18:53:04 2025 Malay Peninsula Standard Time elapsed time: 4.425998 seconds (0d 0h 0m 4s)

---------------  T H R E A D  ---------------

Current thread (0x0000029efb93eb90):  VMThread "VM Thread"          [id=89308, stack(0x000000ff85100000,0x000000ff85200000) (1024K)]

Stack: [0x000000ff85100000,0x000000ff85200000]
Native frames: (J=compiled Java code, j=interpreted, Vv=VM code, C=native code)
V  [jvm.dll+0x7a6b59]  (no source info available)
V  [jvm.dll+0x77290d]  (no source info available)
V  [jvm.dll+0x966153]  (no source info available)
V  [jvm.dll+0x968751]  (no source info available)
V  [jvm.dll+0x968e53]  (no source info available)
V  [jvm.dll+0x2fc756]  (no source info available)
V  [jvm.dll+0x7a2d85]  (no source info available)
V  [jvm.dll+0x796197]  (no source info available)
V  [jvm.dll+0x3f4698]  (no source info available)
V  [jvm.dll+0x3fc5b6]  (no source info available)
V  [jvm.dll+0x3e8c8e]  (no source info available)
V  [jvm.dll+0x3e8f48]  (no source info available)
V  [jvm.dll+0x3c0045]  (no source info available)
V  [jvm.dll+0x3c00da]  (no source info available)
V  [jvm.dll+0x40d2b6]  (no source info available)
V  [jvm.dll+0x40bbdb]  (no source info available)
V  [jvm.dll+0x3bf787]  (no source info available)
V  [jvm.dll+0x40afdf]  (no source info available)
V  [jvm.dll+0x96f091]  (no source info available)
V  [jvm.dll+0x9703ad]  (no source info available)
V  [jvm.dll+0x970929]  (no source info available)
V  [jvm.dll+0x970bd3]  (no source info available)
V  [jvm.dll+0x906a0d]  (no source info available)
V  [jvm.dll+0x7a5135]  (no source info available)
C  [ucrtbase.dll+0x37b0]  (no source info available)
C  [KERNEL32.DLL+0x2e8d7]  (no source info available)
C  [ntdll.dll+0x8c53c]  (no source info available)

VM_Operation (0x000000ff84afcf80): G1CollectForAllocation, mode: safepoint, requested by thread 0x0000029efb87f4f0


---------------  P R O C E S S  ---------------

Threads class SMR info:
_java_thread_list=0x0000029e9e5c0ce0, length=12, elements={
0x0000029efb87f4f0, 0x0000029efea84e20, 0x0000029efea86150, 0x0000029efea8a1d0,
0x0000029efea8cda0, 0x0000029efea8e4d0, 0x0000029efea93d50, 0x0000029efeaa14d0,
0x0000029efeaa4480, 0x0000029e99935710, 0x0000029e99a19900, 0x0000029e9e63fac0
}

Java Threads: ( => current thread )
  0x0000029efb87f4f0 JavaThread "main"                              [_thread_blocked, id=91296, stack(0x000000ff84a00000,0x000000ff84b00000) (1024K)]
  0x0000029efea84e20 JavaThread "Reference Handler"          daemon [_thread_blocked, id=90952, stack(0x000000ff85200000,0x000000ff85300000) (1024K)]
  0x0000029efea86150 JavaThread "Finalizer"                  daemon [_thread_blocked, id=94544, stack(0x000000ff85300000,0x000000ff85400000) (1024K)]
  0x0000029efea8a1d0 JavaThread "Signal Dispatcher"          daemon [_thread_blocked, id=85980, stack(0x000000ff85400000,0x000000ff85500000) (1024K)]
  0x0000029efea8cda0 JavaThread "Attach Listener"            daemon [_thread_blocked, id=90644, stack(0x000000ff85500000,0x000000ff85600000) (1024K)]
  0x0000029efea8e4d0 JavaThread "Service Thread"             daemon [_thread_blocked, id=95732, stack(0x000000ff85600000,0x000000ff85700000) (1024K)]
  0x0000029efea93d50 JavaThread "Monitor Deflation Thread"   daemon [_thread_blocked, id=94956, stack(0x000000ff85700000,0x000000ff85800000) (1024K)]
  0x0000029efeaa14d0 JavaThread "C2 CompilerThread0"         daemon [_thread_blocked, id=80220, stack(0x000000ff85800000,0x000000ff85900000) (1024K)]
  0x0000029efeaa4480 JavaThread "C1 CompilerThread0"         daemon [_thread_blocked, id=65500, stack(0x000000ff85900000,0x000000ff85a00000) (1024K)]
  0x0000029e99935710 JavaThread "Notification Thread"        daemon [_thread_blocked, id=95944, stack(0x000000ff85a00000,0x000000ff85b00000) (1024K)]
  0x0000029e99a19900 JavaThread "Common-Cleaner"             daemon [_thread_blocked, id=16616, stack(0x000000ff85b00000,0x000000ff85c00000) (1024K)]
  0x0000029e9e63fac0 JavaThread "C2 CompilerThread1"         daemon [_thread_blocked, id=88292, stack(0x000000ff85f00000,0x000000ff86000000) (1024K)]
Total: 12

Other Threads:
=>0x0000029efb93eb90 VMThread "VM Thread"                           [id=89308, stack(0x000000ff85100000,0x000000ff85200000) (1024K)]
  0x0000029efb933a00 WatcherThread "VM Periodic Task Thread"        [id=98012, stack(0x000000ff85000000,0x000000ff85100000) (1024K)]
  0x0000029efb8ccd20 WorkerThread "GC Thread#0"                     [id=75344, stack(0x000000ff84b00000,0x000000ff84c00000) (1024K)]
  0x0000029e9e14ed80 WorkerThread "GC Thread#1"                     [id=50456, stack(0x000000ff85c00000,0x000000ff85d00000) (1024K)]
  0x0000029e9e5748b0 WorkerThread "GC Thread#2"                     [id=90200, stack(0x000000ff85d00000,0x000000ff85e00000) (1024K)]
  0x0000029e9e5f3f10 WorkerThread "GC Thread#3"                     [id=96128, stack(0x000000ff85e00000,0x000000ff85f00000) (1024K)]
  0x0000029efb8e48e0 ConcurrentGCThread "G1 Main Marker"            [id=86920, stack(0x000000ff84c00000,0x000000ff84d00000) (1024K)]
  0x0000029efb8e5c20 WorkerThread "G1 Conc#0"                       [id=97484, stack(0x000000ff84d00000,0x000000ff84e00000) (1024K)]
  0x0000029e9e63b040 WorkerThread "G1 Conc#1"                       [id=7172, stack(0x000000ff86000000,0x000000ff86100000) (1024K)]
  0x0000029efb91ed00 ConcurrentGCThread "G1 Refine#0"               [id=97628, stack(0x000000ff84e00000,0x000000ff84f00000) (1024K)]
  0x0000029efb921920 ConcurrentGCThread "G1 Service"                [id=86704, stack(0x000000ff84f00000,0x000000ff85000000) (1024K)]
Total: 11

Threads with active compile tasks:
C2 CompilerThread1  4621 1364       4       jdk.internal.jimage.ImageLocation::getFullName (109 bytes)
Total: 1

VM state: at safepoint (normal execution)

VM Mutex/Monitor currently owned by a thread:  ([mutex/lock_event])
[0x00007fffbf3794e8] Threads_lock - owner thread: 0x0000029efb93eb90
[0x00007fffbf379668] Heap_lock - owner thread: 0x0000029efb87f4f0

Heap address: 0x000000008c000000, size: 1856 MB, Compressed Oops mode: 32-bit

CDS archive(s) mapped at: [0x0000000004000000-0x0000000004dd0000-0x0000000004dd0000), size 14483456, SharedBaseAddress: 0x0000000004000000, ArchiveRelocationMode: 1.
Compressed class space mapped at: 0x0000000005000000-0x0000000045000000, reserved size: 1073741824
UseCompressedClassPointers 1, UseCompactObjectHeaders 0
Narrow klass pointer bits 32, Max shift 3
Narrow klass base: 0x0000000004000000, Narrow klass shift: 0
Encoding Range: [0x0000000004000000 - 0x0000000104000000), (4294967296 bytes)
Klass Range:    [0x0000000004010000 - 0x0000000045000000), (1090453504 bytes)
Klass ID Range:  [65536 - 1090519033) (1090453497)
Protection zone: [0x0000000004000000 - 0x0000000004010000), (65536 bytes)

GC Precious Log:
 CardTable entry size: 512
 Card Set container configuration: InlinePtr #cards 5 size 8 Array Of Cards #cards 10 size 36 Howl #buckets 4 coarsen threshold 1843 Howl Bitmap #cards 512 size 80 coarsen threshold 460 Card regions per heap region 1 cards per card region 2048
 CPUs: 8 total, 8 available
 Memory: 7418M
 Large Page Support: Disabled
 NUMA Support: Disabled
 Compressed Oops: Enabled (32-bit)
 Heap Region Size: 1M
 Heap Min Capacity: 8M
 Heap Initial Capacity: 8M
 Heap Max Capacity: 1856M
 Pre-touch: Disabled
 Parallel Workers: 8
 Concurrent Workers: 2
 Concurrent Refinement Workers: 8
 Periodic GC: Disabled

Heap:
 garbage-first heap   total reserved 1900544K, committed 15360K, used 5825K [0x000000008c000000, 0x0000000100000000)
  region size 1024K, 1 young (1024K), 1 survivors (1024K)

Heap Regions: E=young(eden), S=young(survivor), O=old, HS=humongous(starts), HC=humongous(continues), CS=collection set, F=free, TAMS=top-at-mark-start, PB=parsable bottom
|   0|0x000000008c000000, 0x000000008c100000, 0x000000008c100000|100%| O|  |TAMS 0x000000008c000000| PB 0x000000008c000000| Untracked |  0
|   1|0x000000008c100000, 0x000000008c200000, 0x000000008c200000|100%| O|  |TAMS 0x000000008c100000| PB 0x000000008c100000| Untracked |  0
|   2|0x000000008c200000, 0x000000008c200000, 0x000000008c300000|  0%| F|  |TAMS 0x000000008c200000| PB 0x000000008c200000| Untracked |  0
|   3|0x000000008c300000, 0x000000008c400000, 0x000000008c400000|100%| O|  |TAMS 0x000000008c300000| PB 0x000000008c300000| Untracked |  0
|   4|0x000000008c400000, 0x000000008c500000, 0x000000008c500000|100%| O|  |TAMS 0x000000008c400000| PB 0x000000008c400000| Untracked |  0
|   5|0x000000008c500000, 0x000000008c500000, 0x000000008c600000|  0%| F|  |TAMS 0x000000008c500000| PB 0x000000008c500000| Untracked |  0
|   6|0x000000008c600000, 0x000000008c600000, 0x000000008c700000|  0%| F|  |TAMS 0x000000008c600000| PB 0x000000008c600000| Untracked |  0
|   7|0x000000008c700000, 0x000000008c700000, 0x000000008c800000|  0%| F|  |TAMS 0x000000008c700000| PB 0x000000008c700000| Untracked |  0
|   8|0x000000008c800000, 0x000000008c800000, 0x000000008c900000|  0%| F|  |TAMS 0x000000008c800000| PB 0x000000008c800000| Untracked |  0
|   9|0x000000008c900000, 0x000000008c900000, 0x000000008ca00000|  0%| F|  |TAMS 0x000000008c900000| PB 0x000000008c900000| Untracked |  0
|  10|0x000000008ca00000, 0x000000008ca00000, 0x000000008cb00000|  0%| F|  |TAMS 0x000000008ca00000| PB 0x000000008ca00000| Untracked |  0
|  11|0x000000008cb00000, 0x000000008cb00000, 0x000000008cc00000|  0%| F|  |TAMS 0x000000008cb00000| PB 0x000000008cb00000| Untracked |  0
|  12|0x000000008cc00000, 0x000000008ccb05e0, 0x000000008cd00000| 68%| S|CS|TAMS 0x000000008cc00000| PB 0x000000008cc00000| Complete |  0
|1854|0x00000000ffe00000, 0x00000000fff00000, 0x00000000fff00000|100%| O|  |TAMS 0x00000000ffe00000| PB 0x00000000ffe00000| Untracked |  0
|1855|0x00000000fff00000, 0x00000000fff00000, 0x0000000100000000|  0%| F|  |TAMS 0x00000000fff00000| PB 0x00000000fff00000| Untracked |  0

Card table byte_map: [0x0000029efc020000,0x0000029efc3c0000] _byte_map_base: 0x0000029efbbc0000

Marking Bits: (CMBitMap*) 0x0000029efb8cd4b0
 Bits: [0x0000029efc3c0000, 0x0000029efe0c0000)

Polling page: 0x0000029efb040000

Metaspace:
Metaspace        used 8435K, committed 8576K, reserved 1114112K
 class space     used 807K, committed 896K, reserved 1048576K

Usage:
  Non-class:      7.45 MB used.
      Class:    807.64 KB used.
       Both:      8.24 MB used.

Virtual space:
  Non-class space:       64.00 MB reserved,       7.50 MB ( 12%) committed,  1 nodes.
      Class space:        1.00 GB reserved,     896.00 KB ( <1%) committed,  1 nodes.
             Both:        1.06 GB reserved,       8.38 MB ( <1%) committed. 

Chunk freelists:
   Non-Class:  5.94 MB
       Class:  15.01 MB
        Both:  20.95 MB

MaxMetaspaceSize: unlimited
CompressedClassSpaceSize: 1.00 GB
Initial GC threshold: 21.00 MB
Current GC threshold: 21.00 MB
CDS: on
 - commit_granule_bytes: 65536.
 - commit_granule_words: 8192.
 - virtual_space_node_default_size: 8388608.
 - enlarge_chunks_in_place: 1.
UseCompressedClassPointers 1, UseCompactObjectHeaders 0
Narrow klass pointer bits 32, Max shift 3
Narrow klass base: 0x0000000004000000, Narrow klass shift: 0
Encoding Range: [0x0000000004000000 - 0x0000000104000000), (4294967296 bytes)
Klass Range:    [0x0000000004010000 - 0x0000000045000000), (1090453504 bytes)
Klass ID Range:  [65536 - 1090519033) (1090453497)
Protection zone: [0x0000000004000000 - 0x0000000004010000), (65536 bytes)


Internal statistics:

num_allocs_failed_limit: 0.
num_arena_births: 66.
num_arena_deaths: 0.
num_vsnodes_births: 2.
num_vsnodes_deaths: 0.
num_space_committed: 134.
num_space_uncommitted: 0.
num_chunks_returned_to_freelist: 0.
num_chunks_taken_from_freelist: 353.
num_chunk_merges: 0.
num_chunk_splits: 247.
num_chunks_enlarged: 203.
num_inconsistent_stats: 0.

CodeHeap 'non-profiled nmethods': size=120064Kb used=337Kb max_used=337Kb free=119726Kb
 bounds [0x0000029e90280000, 0x0000029e904f0000, 0x0000029e977c0000]
CodeHeap 'profiled nmethods': size=120000Kb used=1873Kb max_used=1921Kb free=118126Kb
 bounds [0x0000029e887c0000, 0x0000029e88a30000, 0x0000029e8fcf0000]
CodeHeap 'non-nmethods': size=5696Kb used=1312Kb max_used=1344Kb free=4384Kb
 bounds [0x0000029e8fcf0000, 0x0000029e8ff60000, 0x0000029e90280000]
CodeCache: size=245760Kb, used=3522Kb, max_used=3602Kb, free=242236Kb
 total_blobs=1756, nmethods=1324, adapters=335, full_count=0
Compilation: enabled, stopped_count=0, restarted_count=0

Compilation events (20 events):
Event: 2.405 Thread 0x0000029efeaa4480 nmethod 1404 0x0000029e887d8a88 code [0x0000029e887d8b80, 0x0000029e887d8ce0]
Event: 2.405 Thread 0x0000029efeaa4480 1401       3       java.lang.String::toCharArray (25 bytes)
Event: 2.405 Thread 0x0000029efeaa4480 nmethod 1401 0x0000029e888b8a08 code [0x0000029e888b8b00, 0x0000029e888b8e08]
Event: 2.405 Thread 0x0000029efeaa4480 1406       1       sun.nio.fs.NativeBuffer::size (5 bytes)
Event: 2.405 Thread 0x0000029efeaa4480 nmethod 1406 0x0000029e9029b788 code [0x0000029e9029b880, 0x0000029e9029b948]
Event: 2.405 Thread 0x0000029efeaa4480 1407       1       sun.nio.fs.NativeBuffer::setOwner (6 bytes)
Event: 2.405 Thread 0x0000029efeaa4480 nmethod 1407 0x0000029e9029b308 code [0x0000029e9029b400, 0x0000029e9029b510]
Event: 2.405 Thread 0x0000029efeaa4480 1405       3       java.lang.StringLatin1::toChars (16 bytes)
Event: 2.406 Thread 0x0000029efeaa4480 nmethod 1405 0x0000029e887db208 code [0x0000029e887db300, 0x0000029e887db4d0]
Event: 2.406 Thread 0x0000029efeaa4480 1408       3       jdk.internal.misc.Unsafe::getInt (7 bytes)
Event: 2.406 Thread 0x0000029efeaa4480 nmethod 1408 0x0000029e887e1b08 code [0x0000029e887e1c00, 0x0000029e887e1d18]
Event: 2.406 Thread 0x0000029efeaa4480 1409       3       jdk.internal.misc.Unsafe::checkSize (32 bytes)
Event: 2.406 Thread 0x0000029efeaa4480 nmethod 1409 0x0000029e88901908 code [0x0000029e88901a00, 0x0000029e88901c68]
Event: 2.408 Thread 0x0000029efeaa4480 1410       3       jdk.internal.misc.Unsafe::copyMemory (33 bytes)
Event: 2.409 Thread 0x0000029efeaa4480 nmethod 1410 0x0000029e887cbf88 code [0x0000029e887cc080, 0x0000029e887cce30]
Event: 2.409 Thread 0x0000029efeaa4480 1411       3       jdk.internal.misc.Unsafe::copyMemoryChecks (21 bytes)
Event: 2.410 Thread 0x0000029efeaa14d0 nmethod 1376 0x0000029e902d4208 code [0x0000029e902d4300, 0x0000029e902d4f80]
Event: 2.410 Thread 0x0000029efeaa4480 nmethod 1411 0x0000029e88903308 code [0x0000029e88903400, 0x0000029e889041b0]
Event: 2.410 Thread 0x0000029efeaa14d0 1399       4       com.sun.tools.javac.util.Assert::checkNonNull (10 bytes)
Event: 2.411 Thread 0x0000029efeaa14d0 nmethod 1399 0x0000029e90294d88 code [0x0000029e90294e80, 0x0000029e90294f00]

GC Heap Usage History (20 events):
Event: 0.872 {heap After GC invocations=2 (full 0):
 garbage-first heap   total reserved 1900544K, committed 10240K, used 2976K [0x000000008c000000, 0x0000000100000000)
  region size 1024K, 1 young (1024K), 1 survivors (1024K)
}
Event: 1.106 {heap Before GC invocations=2 (full 0):
 garbage-first heap   total reserved 1900544K, committed 10240K, used 5024K [0x000000008c000000, 0x0000000100000000)
  region size 1024K, 3 young (3072K), 1 survivors (1024K)
}
Event: 1.110 {heap After GC invocations=3 (full 0):
 garbage-first heap   total reserved 1900544K, committed 10240K, used 3522K [0x000000008c000000, 0x0000000100000000)
  region size 1024K, 1 young (1024K), 1 survivors (1024K)
}
Event: 1.198 {heap Before GC invocations=3 (full 0):
 garbage-first heap   total reserved 1900544K, committed 10240K, used 5570K [0x000000008c000000, 0x0000000100000000)
  region size 1024K, 3 young (3072K), 1 survivors (1024K)
}
Event: 1.203 {heap After GC invocations=4 (full 0):
 garbage-first heap   total reserved 1900544K, committed 10240K, used 4106K [0x000000008c000000, 0x0000000100000000)
  region size 1024K, 1 young (1024K), 1 survivors (1024K)
}
Event: 1.262 {heap Before GC invocations=5 (full 0):
 garbage-first heap   total reserved 1900544K, committed 10240K, used 6154K [0x000000008c000000, 0x0000000100000000)
  region size 1024K, 3 young (3072K), 1 survivors (1024K)
}
Event: 1.266 {heap After GC invocations=6 (full 0):
 garbage-first heap   total reserved 1900544K, committed 10240K, used 4437K [0x000000008c000000, 0x0000000100000000)
  region size 1024K, 1 young (1024K), 1 survivors (1024K)
}
Event: 1.312 {heap Before GC invocations=6 (full 0):
 garbage-first heap   total reserved 1900544K, committed 10240K, used 6485K [0x000000008c000000, 0x0000000100000000)
  region size 1024K, 3 young (3072K), 1 survivors (1024K)
}
Event: 1.314 {heap After GC invocations=7 (full 0):
 garbage-first heap   total reserved 1900544K, committed 10240K, used 4750K [0x000000008c000000, 0x0000000100000000)
  region size 1024K, 1 young (1024K), 1 survivors (1024K)
}
Event: 1.330 {heap Before GC invocations=7 (full 0):
 garbage-first heap   total reserved 1900544K, committed 10240K, used 6798K [0x000000008c000000, 0x0000000100000000)
  region size 1024K, 3 young (3072K), 1 survivors (1024K)
}
Event: 2.333 {heap After GC invocations=8 (full 0):
 garbage-first heap   total reserved 1900544K, committed 15360K, used 5123K [0x000000008c000000, 0x0000000100000000)
  region size 1024K, 1 young (1024K), 1 survivors (1024K)
}
Event: 2.337 {heap Before GC invocations=8 (full 0):
 garbage-first heap   total reserved 1900544K, committed 15360K, used 6147K [0x000000008c000000, 0x0000000100000000)
  region size 1024K, 2 young (2048K), 1 survivors (1024K)
}
Event: 2.340 {heap After GC invocations=9 (full 0):
 garbage-first heap   total reserved 1900544K, committed 15360K, used 5249K [0x000000008c000000, 0x0000000100000000)
  region size 1024K, 1 young (1024K), 1 survivors (1024K)
}
Event: 2.344 {heap Before GC invocations=9 (full 0):
 garbage-first heap   total reserved 1900544K, committed 15360K, used 6273K [0x000000008c000000, 0x0000000100000000)
  region size 1024K, 2 young (2048K), 1 survivors (1024K)
}
Event: 2.346 {heap After GC invocations=10 (full 0):
 garbage-first heap   total reserved 1900544K, committed 15360K, used 5295K [0x000000008c000000, 0x0000000100000000)
  region size 1024K, 1 young (1024K), 1 survivors (1024K)
}
Event: 2.356 {heap Before GC invocations=11 (full 0):
 garbage-first heap   total reserved 1900544K, committed 15360K, used 6319K [0x000000008c000000, 0x0000000100000000)
  region size 1024K, 2 young (2048K), 1 survivors (1024K)
}
Event: 2.358 {heap After GC invocations=12 (full 0):
 garbage-first heap   total reserved 1900544K, committed 15360K, used 5517K [0x000000008c000000, 0x0000000100000000)
  region size 1024K, 1 young (1024K), 1 survivors (1024K)
}
Event: 2.370 {heap Before GC invocations=12 (full 0):
 garbage-first heap   total reserved 1900544K, committed 15360K, used 6541K [0x000000008c000000, 0x0000000100000000)
  region size 1024K, 2 young (2048K), 1 survivors (1024K)
}
Event: 2.375 {heap After GC invocations=13 (full 0):
 garbage-first heap   total reserved 1900544K, committed 15360K, used 5628K [0x000000008c000000, 0x0000000100000000)
  region size 1024K, 1 young (1024K), 1 survivors (1024K)
}
Event: 2.413 {heap Before GC invocations=13 (full 0):
 garbage-first heap   total reserved 1900544K, committed 15360K, used 6652K [0x000000008c000000, 0x0000000100000000)
  region size 1024K, 2 young (2048K), 1 survivors (1024K)
}

Metaspace Usage History (20 events):
Event: 0.872 {metaspace After GC invocations=2 (full 0):
 Metaspace       used 6442K, committed 6592K, reserved 1114112K
  class space    used 641K, committed 704K, reserved 1048576K
}
Event: 1.106 {metaspace Before GC invocations=2 (full 0):
 Metaspace       used 8000K, committed 8256K, reserved 1114112K
  class space    used 758K, committed 896K, reserved 1048576K
}
Event: 1.110 {metaspace After GC invocations=3 (full 0):
 Metaspace       used 8000K, committed 8256K, reserved 1114112K
  class space    used 758K, committed 896K, reserved 1048576K
}
Event: 1.198 {metaspace Before GC invocations=3 (full 0):
 Metaspace       used 8182K, committed 8384K, reserved 1114112K
  class space    used 777K, committed 896K, reserved 1048576K
}
Event: 1.203 {metaspace After GC invocations=4 (full 0):
 Metaspace       used 8182K, committed 8384K, reserved 1114112K
  class space    used 777K, committed 896K, reserved 1048576K
}
Event: 1.262 {metaspace Before GC invocations=5 (full 0):
 Metaspace       used 8291K, committed 8512K, reserved 1114112K
  class space    used 793K, committed 896K, reserved 1048576K
}
Event: 1.266 {metaspace After GC invocations=6 (full 0):
 Metaspace       used 8291K, committed 8512K, reserved 1114112K
  class space    used 793K, committed 896K, reserved 1048576K
}
Event: 1.312 {metaspace Before GC invocations=6 (full 0):
 Metaspace       used 8366K, committed 8512K, reserved 1114112K
  class space    used 801K, committed 896K, reserved 1048576K
}
Event: 1.314 {metaspace After GC invocations=7 (full 0):
 Metaspace       used 8366K, committed 8512K, reserved 1114112K
  class space    used 801K, committed 896K, reserved 1048576K
}
Event: 1.330 {metaspace Before GC invocations=7 (full 0):
 Metaspace       used 8374K, committed 8576K, reserved 1114112K
  class space    used 801K, committed 896K, reserved 1048576K
}
Event: 2.333 {metaspace After GC invocations=8 (full 0):
 Metaspace       used 8374K, committed 8576K, reserved 1114112K
  class space    used 801K, committed 896K, reserved 1048576K
}
Event: 2.337 {metaspace Before GC invocations=8 (full 0):
 Metaspace       used 8374K, committed 8576K, reserved 1114112K
  class space    used 801K, committed 896K, reserved 1048576K
}
Event: 2.340 {metaspace After GC invocations=9 (full 0):
 Metaspace       used 8374K, committed 8576K, reserved 1114112K
  class space    used 801K, committed 896K, reserved 1048576K
}
Event: 2.344 {metaspace Before GC invocations=9 (full 0):
 Metaspace       used 8374K, committed 8576K, reserved 1114112K
  class space    used 801K, committed 896K, reserved 1048576K
}
Event: 2.346 {metaspace After GC invocations=10 (full 0):
 Metaspace       used 8374K, committed 8576K, reserved 1114112K
  class space    used 801K, committed 896K, reserved 1048576K
}
Event: 2.356 {metaspace Before GC invocations=11 (full 0):
 Metaspace       used 8374K, committed 8576K, reserved 1114112K
  class space    used 801K, committed 896K, reserved 1048576K
}
Event: 2.358 {metaspace After GC invocations=12 (full 0):
 Metaspace       used 8374K, committed 8576K, reserved 1114112K
  class space    used 801K, committed 896K, reserved 1048576K
}
Event: 2.370 {metaspace Before GC invocations=12 (full 0):
 Metaspace       used 8389K, committed 8576K, reserved 1114112K
  class space    used 804K, committed 896K, reserved 1048576K
}
Event: 2.375 {metaspace After GC invocations=13 (full 0):
 Metaspace       used 8389K, committed 8576K, reserved 1114112K
  class space    used 804K, committed 896K, reserved 1048576K
}
Event: 2.413 {metaspace Before GC invocations=13 (full 0):
 Metaspace       used 8435K, committed 8576K, reserved 1114112K
  class space    used 807K, committed 896K, reserved 1048576K
}

Dll operation events (4 events):
Event: 0.030 Loaded shared library C:\Program Files\Java\jdk-25\bin\java.dll
Event: 0.199 Loaded shared library C:\Program Files\Java\jdk-25\bin\jimage.dll
Event: 0.346 Loaded shared library C:\Program Files\Java\jdk-25\bin\net.dll
Event: 0.351 Loaded shared library C:\Program Files\Java\jdk-25\bin\nio.dll

Deoptimization events (20 events):
Event: 1.272 Thread 0x0000029efb87f4f0 Uncommon trap: trap_request=0xffffff66 fr.pc=0x0000029e902cc19c relative=0x000000000000031c
Event: 1.272 Thread 0x0000029efb87f4f0 Uncommon trap: reason=loop_limit_check action=maybe_recompile pc=0x0000029e902cc19c method=java.lang.StringLatin1.indexOf([BI[BII)I @ 37 c2
Event: 1.272 Thread 0x0000029efb87f4f0 DEOPT PACKING pc=0x0000029e902cc19c sp=0x000000ff84afe6e0
Event: 1.272 Thread 0x0000029efb87f4f0 DEOPT UNPACKING pc=0x0000029e8fe0f582 sp=0x000000ff84afe640 mode 2
Event: 2.382 Thread 0x0000029efb87f4f0 Uncommon trap: trap_request=0xffffff45 fr.pc=0x0000029e902c50c0 relative=0x0000000000000140
Event: 2.382 Thread 0x0000029efb87f4f0 Uncommon trap: reason=unstable_if action=reinterpret pc=0x0000029e902c50c0 method=com.sun.tools.javac.util.Convert.utf2chars([BI[CIILcom/sun/tools/javac/util/Convert$Validation;)I @ 24 c2
Event: 2.382 Thread 0x0000029efb87f4f0 DEOPT PACKING pc=0x0000029e902c50c0 sp=0x000000ff84afdbd0
Event: 2.382 Thread 0x0000029efb87f4f0 DEOPT UNPACKING pc=0x0000029e8fe0f582 sp=0x000000ff84afdb48 mode 2
Event: 2.382 Thread 0x0000029efb87f4f0 Uncommon trap: trap_request=0xffffff45 fr.pc=0x0000029e902c4dd8 relative=0x00000000000001d8
Event: 2.382 Thread 0x0000029efb87f4f0 Uncommon trap: reason=unstable_if action=reinterpret pc=0x0000029e902c4dd8 method=java.lang.StringUTF16.compress([CI[BII)I @ 20 c2
Event: 2.382 Thread 0x0000029efb87f4f0 DEOPT PACKING pc=0x0000029e902c4dd8 sp=0x000000ff84afda70
Event: 2.382 Thread 0x0000029efb87f4f0 DEOPT UNPACKING pc=0x0000029e8fe0f582 sp=0x000000ff84afd9e0 mode 2
Event: 2.382 Thread 0x0000029efb87f4f0 Uncommon trap: trap_request=0xffffff45 fr.pc=0x0000029e9028739c relative=0x000000000000009c
Event: 2.382 Thread 0x0000029efb87f4f0 Uncommon trap: reason=unstable_if action=reinterpret pc=0x0000029e9028739c method=java.lang.String.hashCode()I @ 20 c2
Event: 2.382 Thread 0x0000029efb87f4f0 DEOPT PACKING pc=0x0000029e9028739c sp=0x000000ff84afdb90
Event: 2.382 Thread 0x0000029efb87f4f0 DEOPT UNPACKING pc=0x0000029e8fe0f582 sp=0x000000ff84afdb20 mode 2
Event: 2.383 Thread 0x0000029efb87f4f0 Uncommon trap: trap_request=0xffffff45 fr.pc=0x0000029e902d3d38 relative=0x0000000000000bb8
Event: 2.383 Thread 0x0000029efb87f4f0 Uncommon trap: reason=unstable_if action=reinterpret pc=0x0000029e902d3d38 method=java.lang.String.hashCode()I @ 20 c2
Event: 2.383 Thread 0x0000029efb87f4f0 DEOPT PACKING pc=0x0000029e902d3d38 sp=0x000000ff84afdc30
Event: 2.383 Thread 0x0000029efb87f4f0 DEOPT UNPACKING pc=0x0000029e8fe0f582 sp=0x000000ff84afda00 mode 2

Classes loaded (20 events):
Event: 1.054 Loading class java/util/LinkedHashMap$LinkedValues
Event: 1.054 Loading class java/util/LinkedHashMap$LinkedValues done
Event: 1.055 Loading class java/util/LinkedHashMap$LinkedValueIterator
Event: 1.055 Loading class java/util/LinkedHashMap$LinkedValueIterator done
Event: 1.056 Loading class java/util/regex/Pattern$Bound
Event: 1.056 Loading class java/util/regex/Pattern$Bound done
Event: 1.191 Loading class java/util/RegularEnumSet$EnumSetIterator
Event: 1.192 Loading class java/util/RegularEnumSet$EnumSetIterator done
Event: 1.207 Loading class java/nio/file/Files$AcceptAllFilter
Event: 1.207 Loading class java/nio/file/Files$AcceptAllFilter done
Event: 1.207 Loading class sun/nio/fs/WindowsDirectoryStream
Event: 1.207 Loading class sun/nio/fs/WindowsDirectoryStream done
Event: 1.208 Loading class sun/nio/fs/WindowsDirectoryStream$WindowsDirectoryIterator
Event: 1.208 Loading class sun/nio/fs/WindowsDirectoryStream$WindowsDirectoryIterator done
Event: 1.208 Loading class java/nio/file/Files$2
Event: 1.208 Loading class java/nio/file/Files$2 done
Event: 1.212 Loading class sun/nio/fs/WindowsPath$WindowsPathWithAttributes
Event: 1.212 Loading class sun/nio/fs/BasicFileAttributesHolder
Event: 1.212 Loading class sun/nio/fs/BasicFileAttributesHolder done
Event: 1.212 Loading class sun/nio/fs/WindowsPath$WindowsPathWithAttributes done

Classes unloaded (0 events):
No events

Classes redefined (0 events):
No events

Internal exceptions (20 events):
Event: 0.412 Thread 0x0000029efb87f4f0 Exception <a 'java/lang/NoSuchMethodError'{0x000000008c45e930}: 'void java.lang.invoke.DirectMethodHandle$Holder.invokeInterface(java.lang.Object, java.lang.Object, java.lang.Object)'> (0x000000008c45e930) 
thrown [s\open\src\hotspot\share\interpreter\linkResolver.cpp, line 804]
Event: 0.422 Thread 0x0000029efb87f4f0 Exception <a 'java/lang/NoSuchMethodError'{0x000000008c487bb0}: 'java.lang.Object java.lang.invoke.DirectMethodHandle$Holder.invokeStaticInit(java.lang.Object)'> (0x000000008c487bb0) 
thrown [s\open\src\hotspot\share\interpreter\linkResolver.cpp, line 804]
Event: 0.565 Thread 0x0000029efb87f4f0 Exception <a 'java/lang/NoSuchMethodError'{0x000000008c787d78}: 'int java.lang.invoke.DirectMethodHandle$Holder.invokeStaticInit(java.lang.Object, java.lang.Object)'> (0x000000008c787d78) 
thrown [s\open\src\hotspot\share\interpreter\linkResolver.cpp, line 804]
Event: 0.612 Thread 0x0000029efb87f4f0 Exception <a 'java/lang/NoSuchMethodError'{0x000000008c7c6320}: 'java.lang.Object java.lang.invoke.DirectMethodHandle$Holder.newInvokeSpecial(java.lang.Object, java.lang.Object, int)'> (0x000000008c7c6320) 
thrown [s\open\src\hotspot\share\interpreter\linkResolver.cpp, line 804]
Event: 0.666 Thread 0x0000029efb87f4f0 Exception <a 'java/lang/NoSuchMethodError'{0x000000008c6063d8}: 'void java.lang.invoke.DirectMethodHandle$Holder.invokeStatic(java.lang.Object, java.lang.Object, java.lang.Object)'> (0x000000008c6063d8) 
thrown [s\open\src\hotspot\share\interpreter\linkResolver.cpp, line 804]
Event: 0.732 Thread 0x0000029efb87f4f0 Exception <a 'java/lang/NoSuchMethodError'{0x000000008c685ac0}: 'int java.lang.invoke.DirectMethodHandle$Holder.invokeVirtual(java.lang.Object, java.lang.Object)'> (0x000000008c685ac0) 
thrown [s\open\src\hotspot\share\interpreter\linkResolver.cpp, line 804]
Event: 0.756 Thread 0x0000029efb87f4f0 Exception <a 'java/lang/NoSuchMethodError'{0x000000008c6f01a8}: 'java.lang.Object java.lang.invoke.DirectMethodHandle$Holder.newInvokeSpecial(java.lang.Object, java.lang.Object, java.lang.Object, java.lang.Object, java.lang.Object)'> (0x000000008c6f01a8) 
thrown [s\open\src\hotspot\share\interpreter\linkResolver.cpp, line 804]
Event: 0.763 Thread 0x0000029efb87f4f0 Exception <a 'java/lang/NoSuchMethodError'{0x000000008c50ba38}: 'java.lang.Object java.lang.invoke.DirectMethodHandle$Holder.newInvokeSpecial(java.lang.Object, java.lang.Object, java.lang.Object, java.lang.Object, java.lang.Object, java.lang.Object)'> (0x000000008c50ba38) 
thrown [s\open\src\hotspot\share\interpreter\linkResolver.cpp, line 804]
Event: 0.779 Thread 0x0000029efb87f4f0 Exception <a 'java/lang/NoSuchMethodError'{0x000000008c53d3f0}: 'java.lang.Object java.lang.invoke.DirectMethodHandle$Holder.newInvokeSpecial(java.lang.Object, java.lang.Object, java.lang.Object, int)'> (0x000000008c53d3f0) 
thrown [s\open\src\hotspot\share\interpreter\linkResolver.cpp, line 804]
Event: 0.780 Thread 0x0000029efb87f4f0 Exception <a 'java/lang/NoSuchMethodError'{0x000000008c546148}: 'java.lang.Object java.lang.invoke.Invokers$Holder.linkToTargetMethod(java.lang.Object, java.lang.Object, int, java.lang.Object)'> (0x000000008c546148) 
thrown [s\open\src\hotspot\share\interpreter\linkResolver.cpp, line 804]
Event: 0.844 Thread 0x0000029efb87f4f0 Exception <a 'sun/nio/fs/WindowsException'{0x000000008c5f3188}> (0x000000008c5f3188) 
thrown [s\open\src\hotspot\share\prims\jni.cpp, line 516]
Event: 0.998 Thread 0x0000029efb87f4f0 Exception <a 'sun/nio/fs/WindowsException'{0x000000008c7cac10}> (0x000000008c7cac10) 
thrown [s\open\src\hotspot\share\prims\jni.cpp, line 516]
Event: 1.010 Thread 0x0000029efb87f4f0 Exception <a 'sun/nio/fs/WindowsException'{0x000000008c7cc0e8}> (0x000000008c7cc0e8) 
thrown [s\open\src\hotspot\share\prims\jni.cpp, line 516]
Event: 1.088 Thread 0x0000029efb87f4f0 Exception <a 'java/lang/NoSuchMethodError'{0x000000008c6ab028}: 'java.lang.Object java.lang.invoke.DirectMethodHandle$Holder.invokeVirtual(java.lang.Object, java.lang.Object, int)'> (0x000000008c6ab028) 
thrown [s\open\src\hotspot\share\interpreter\linkResolver.cpp, line 804]
Event: 1.196 Thread 0x0000029efb87f4f0 Exception <a 'java/lang/NoSuchMethodError'{0x000000008c6eeb90}: 'void java.lang.invoke.DirectMethodHandle$Holder.invokeStatic(java.lang.Object, java.lang.Object)'> (0x000000008c6eeb90) 
thrown [s\open\src\hotspot\share\interpreter\linkResolver.cpp, line 804]
Event: 1.308 Thread 0x0000029efb87f4f0 Exception <a 'sun/nio/fs/WindowsException'{0x000000008c6c7338}> (0x000000008c6c7338) 
thrown [s\open\src\hotspot\share\prims\jni.cpp, line 516]
Event: 1.308 Thread 0x0000029efb87f4f0 Exception <a 'sun/nio/fs/WindowsException'{0x000000008c6c7d10}> (0x000000008c6c7d10) 
thrown [s\open\src\hotspot\share\prims\jni.cpp, line 516]
Event: 2.362 Thread 0x0000029efb87f4f0 Exception <a 'java/lang/NoSuchMethodError'{0x00000000fff7de00}: 'java.lang.Object java.lang.invoke.DirectMethodHandle$Holder.invokeVirtual(java.lang.Object, java.lang.Object, java.lang.Object, int, int)'> (0x00000000fff7de00) 
thrown [s\open\src\hotspot\share\interpreter\linkResolver.cpp, line 804]
Event: 2.397 Thread 0x0000029efb87f4f0 Exception <a 'sun/nio/fs/WindowsException'{0x00000000fffef5b8}> (0x00000000fffef5b8) 
thrown [s\open\src\hotspot\share\prims\jni.cpp, line 516]
Event: 2.407 Thread 0x0000029efb87f4f0 Exception <a 'sun/nio/fs/WindowsException'{0x00000000ffffa6d0}> (0x00000000ffffa6d0) 
thrown [s\open\src\hotspot\share\prims\jni.cpp, line 516]

VM Operations (20 events):
Event: 1.220 Executing safepoint VM operation: G1PauseCleanup done
Event: 1.262 Executing safepoint VM operation: G1CollectForAllocation (G1 Evacuation Pause)
Event: 1.266 Executing safepoint VM operation: G1CollectForAllocation (G1 Evacuation Pause) done
Event: 1.312 Executing safepoint VM operation: G1CollectForAllocation (G1 Evacuation Pause)
Event: 1.314 Executing safepoint VM operation: G1CollectForAllocation (G1 Evacuation Pause) done
Event: 1.330 Executing safepoint VM operation: G1CollectForAllocation (G1 Evacuation Pause)
Event: 2.333 Executing safepoint VM operation: G1CollectForAllocation (G1 Evacuation Pause) done
Event: 2.337 Executing safepoint VM operation: G1CollectForAllocation (G1 Evacuation Pause)
Event: 2.340 Executing safepoint VM operation: G1CollectForAllocation (G1 Evacuation Pause) done
Event: 2.344 Executing safepoint VM operation: G1CollectForAllocation (G1 Evacuation Pause)
Event: 2.346 Executing safepoint VM operation: G1CollectForAllocation (G1 Evacuation Pause) done
Event: 2.347 Executing safepoint VM operation: G1PauseRemark
Event: 2.350 Executing safepoint VM operation: G1PauseRemark done
Event: 2.352 Executing safepoint VM operation: G1PauseCleanup
Event: 2.352 Executing safepoint VM operation: G1PauseCleanup done
Event: 2.356 Executing safepoint VM operation: G1CollectForAllocation (G1 Evacuation Pause)
Event: 2.358 Executing safepoint VM operation: G1CollectForAllocation (G1 Evacuation Pause) done
Event: 2.370 Executing safepoint VM operation: G1CollectForAllocation (G1 Evacuation Pause)
Event: 2.375 Executing safepoint VM operation: G1CollectForAllocation (G1 Evacuation Pause) done
Event: 2.413 Executing safepoint VM operation: G1CollectForAllocation (G1 Evacuation Pause)

Memory protections (0 events):
No events

Nmethod flushes (20 events):
Event: 2.349 Thread 0x0000029efb93eb90 flushing  nmethod 0x0000029e887def88
Event: 2.349 Thread 0x0000029efb93eb90 flushing  nmethod 0x0000029e887df308
Event: 2.349 Thread 0x0000029efb93eb90 flushing  nmethod 0x0000029e887e0188
Event: 2.349 Thread 0x0000029efb93eb90 flushing  nmethod 0x0000029e887e1b08
Event: 2.349 Thread 0x0000029efb93eb90 flushing  nmethod 0x0000029e887e2108
Event: 2.349 Thread 0x0000029efb93eb90 flushing  nmethod 0x0000029e887e2e08
Event: 2.349 Thread 0x0000029efb93eb90 flushing  nmethod 0x0000029e887e8488
Event: 2.349 Thread 0x0000029efb93eb90 flushing  nmethod 0x0000029e887e9288
Event: 2.349 Thread 0x0000029efb93eb90 flushing  nmethod 0x0000029e887ea788
Event: 2.349 Thread 0x0000029efb93eb90 flushing  nmethod 0x0000029e887ec408
Event: 2.349 Thread 0x0000029efb93eb90 flushing  nmethod 0x0000029e887eec88
Event: 2.349 Thread 0x0000029efb93eb90 flushing  nmethod 0x0000029e887f5d08
Event: 2.349 Thread 0x0000029efb93eb90 flushing  nmethod 0x0000029e887f6b08
Event: 2.349 Thread 0x0000029efb93eb90 flushing  nmethod 0x0000029e887f8188
Event: 2.349 Thread 0x0000029efb93eb90 flushing  nmethod 0x0000029e88801c08
Event: 2.349 Thread 0x0000029efb93eb90 flushing  nmethod 0x0000029e88805608
Event: 2.349 Thread 0x0000029efb93eb90 flushing  nmethod 0x0000029e88805908
Event: 2.349 Thread 0x0000029efb93eb90 flushing  nmethod 0x0000029e8880bb08
Event: 2.349 Thread 0x0000029efb93eb90 flushing  nmethod 0x0000029e88869f08
Event: 2.349 Thread 0x0000029efb93eb90 flushing  nmethod 0x0000029e88916988

Events (12 events):
Event: 0.082 Thread 0x0000029efb87f4f0 Thread added: 0x0000029efb87f4f0
Event: 0.114 Thread 0x0000029efb87f4f0 Thread added: 0x0000029efea84e20
Event: 0.114 Thread 0x0000029efb87f4f0 Thread added: 0x0000029efea86150
Event: 0.115 Thread 0x0000029efb87f4f0 Thread added: 0x0000029efea8a1d0
Event: 0.115 Thread 0x0000029efb87f4f0 Thread added: 0x0000029efea8cda0
Event: 0.115 Thread 0x0000029efb87f4f0 Thread added: 0x0000029efea8e4d0
Event: 0.115 Thread 0x0000029efb87f4f0 Thread added: 0x0000029efea93d50
Event: 0.116 Thread 0x0000029efb87f4f0 Thread added: 0x0000029efeaa14d0
Event: 0.116 Thread 0x0000029efb87f4f0 Thread added: 0x0000029efeaa4480
Event: 0.189 Thread 0x0000029efb87f4f0 Thread added: 0x0000029e99935710
Event: 0.342 Thread 0x0000029efb87f4f0 Thread added: 0x0000029e99a19900
Event: 1.181 Thread 0x0000029efeaa4480 Thread added: 0x0000029e9e63fac0


Dynamic libraries:
0x00007ff7ef1f0000 - 0x00007ff7ef1f8000 	C:\Program Files\Java\jdk-25\bin\javac.exe
0x00007ff859800000 - 0x00007ff859a68000 	C:\WINDOWS\SYSTEM32\ntdll.dll
0x00007ff857810000 - 0x00007ff8578d9000 	C:\WINDOWS\System32\KERNEL32.DLL
0x00007ff856d80000 - 0x00007ff857178000 	C:\WINDOWS\System32\KERNELBASE.dll
0x00007ff8573a0000 - 0x00007ff8574eb000 	C:\WINDOWS\System32\ucrtbase.dll
0x00007ff828cc0000 - 0x00007ff828cde000 	C:\Program Files\Java\jdk-25\bin\VCRUNTIME140.dll
0x00007ff81bf10000 - 0x00007ff81bf27000 	C:\Program Files\Java\jdk-25\bin\jli.dll
0x00007ff859550000 - 0x00007ff859717000 	C:\WINDOWS\System32\USER32.dll
0x00007ff8572b0000 - 0x00007ff8572d7000 	C:\WINDOWS\System32\win32u.dll
0x00007ff859720000 - 0x00007ff85974b000 	C:\WINDOWS\System32\GDI32.dll
0x00007ff838f60000 - 0x00007ff8391f4000 	C:\WINDOWS\WinSxS\amd64_microsoft.windows.common-controls_6595b64144ccf1df_6.0.26100.7019_none_3e06ffa0e335b8a8\COMCTL32.dll
0x00007ff857dc0000 - 0x00007ff857e69000 	C:\WINDOWS\System32\msvcrt.dll
0x00007ff857180000 - 0x00007ff8572ac000 	C:\WINDOWS\System32\gdi32full.dll
0x00007ff8574f0000 - 0x00007ff857593000 	C:\WINDOWS\System32\msvcp_win.dll
0x00007ff858a30000 - 0x00007ff858a61000 	C:\WINDOWS\System32\IMM32.DLL
0x00007ff851840000 - 0x00007ff85184c000 	C:\Program Files\Java\jdk-25\bin\vcruntime140_1.dll
0x00007ff80b3d0000 - 0x00007ff80b45d000 	C:\Program Files\Java\jdk-25\bin\msvcp140.dll
0x00007fffbe600000 - 0x00007fffbf45f000 	C:\Program Files\Java\jdk-25\bin\server\jvm.dll
0x00007ff8578e0000 - 0x00007ff857994000 	C:\WINDOWS\System32\ADVAPI32.dll
0x00007ff858870000 - 0x00007ff858916000 	C:\WINDOWS\System32\sechost.dll
0x00007ff8591e0000 - 0x00007ff8592f8000 	C:\WINDOWS\System32\RPCRT4.dll
0x00007ff8585d0000 - 0x00007ff858644000 	C:\WINDOWS\System32\WS2_32.dll
0x00007ff84b250000 - 0x00007ff84b25b000 	C:\WINDOWS\SYSTEM32\VERSION.dll
0x00007ff84b980000 - 0x00007ff84b9b5000 	C:\WINDOWS\SYSTEM32\WINMM.dll
0x00007ff8567b0000 - 0x00007ff85680e000 	C:\WINDOWS\SYSTEM32\POWRPROF.dll
0x00007ff856790000 - 0x00007ff8567a4000 	C:\WINDOWS\SYSTEM32\UMPDC.dll
0x00007ff855710000 - 0x00007ff85572b000 	C:\WINDOWS\SYSTEM32\kernel.appcore.dll
0x00007ff83fac0000 - 0x00007ff83faca000 	C:\Program Files\Java\jdk-25\bin\jimage.dll
0x00007ff848960000 - 0x00007ff848ba2000 	C:\WINDOWS\SYSTEM32\DBGHELP.DLL
0x00007ff857a30000 - 0x00007ff857dbb000 	C:\WINDOWS\System32\combase.dll
0x00007ff858920000 - 0x00007ff8589f7000 	C:\WINDOWS\System32\OLEAUT32.dll
0x00007ff83af90000 - 0x00007ff83afcc000 	C:\WINDOWS\SYSTEM32\dbgcore.DLL
0x00007ff856c40000 - 0x00007ff856ce5000 	C:\WINDOWS\System32\bcryptPrimitives.dll
0x00007ff828bd0000 - 0x00007ff828bef000 	C:\Program Files\Java\jdk-25\bin\java.dll
0x00007ff857670000 - 0x00007ff857807000 	C:\WINDOWS\System32\ole32.dll
0x00007ff857e70000 - 0x00007ff8585bf000 	C:\WINDOWS\System32\SHELL32.dll
0x00007ff856ad0000 - 0x00007ff856c3b000 	C:\WINDOWS\System32\wintypes.dll
0x00007ff854550000 - 0x00007ff854dad000 	C:\WINDOWS\SYSTEM32\windows.storage.dll
0x00007ff859450000 - 0x00007ff859542000 	C:\WINDOWS\System32\SHCORE.dll
0x00007ff859750000 - 0x00007ff8597b7000 	C:\WINDOWS\System32\shlwapi.dll
0x00007ff856870000 - 0x00007ff856899000 	C:\WINDOWS\SYSTEM32\profapi.dll
0x00007ff828b20000 - 0x00007ff828b32000 	C:\Program Files\Java\jdk-25\bin\net.dll
0x00007ff855c80000 - 0x00007ff855ceb000 	C:\WINDOWS\system32\mswsock.dll
0x00007ff826770000 - 0x00007ff826786000 	C:\Program Files\Java\jdk-25\bin\nio.dll

JVMTI agents: none

dbghelp: loaded successfully - version: 4.0.5 - missing functions: none
symbol engine: initialized successfully - sym options: 0x614 - pdb path: .;C:\Program Files\Java\jdk-25\bin;C:\WINDOWS\SYSTEM32;C:\WINDOWS\WinSxS\amd64_microsoft.windows.common-controls_6595b64144ccf1df_6.0.26100.7019_none_3e06ffa0e335b8a8;C:\Program Files\Java\jdk-25\bin\server

VM Arguments:
jvm_args: -Dapplication.home=C:\Program Files\Java\jdk-25 --add-modules=ALL-DEFAULT -Xms8m -Djdk.module.main=jdk.compiler 
java_command: jdk.compiler/com.sun.tools.javac.Main -d bin -sourcepath src src\Main.java
java_class_path (initial): <not set>
Launcher Type: SUN_STANDARD

[Global flags]
     intx CICompilerCount                          = 4                                         {product} {ergonomic}
     uint ConcGCThreads                            = 2                                         {product} {ergonomic}
     uint G1ConcRefinementThreads                  = 8                                         {product} {ergonomic}
   size_t G1HeapRegionSize                         = 1048576                                   {product} {ergonomic}
   size_t InitialHeapSize                          = 8388608                                   {product} {command line}
   size_t MarkStackSize                            = 4194304                                   {product} {ergonomic}
   size_t MarkStackSizeMax                         = 536870912                                 {product} {ergonomic}
   size_t MaxHeapSize                              = 1946157056                                {product} {ergonomic}
   size_t MaxNewSize                               = 1167065088                                {product} {ergonomic}
   size_t MinHeapDeltaBytes                        = 1048576                                   {product} {ergonomic}
   size_t MinHeapSize                              = 8388608                                   {product} {command line}
    uintx NonNMethodCodeHeapSize                   = 5832704                                {pd product} {ergonomic}
    uintx NonProfiledCodeHeapSize                  = 122945536                              {pd product} {ergonomic}
    uintx ProfiledCodeHeapSize                     = 122880000                              {pd product} {ergonomic}
    uintx ReservedCodeCacheSize                    = 251658240                              {pd product} {ergonomic}
     bool SegmentedCodeCache                       = true                                      {product} {ergonomic}
   size_t SoftMaxHeapSize                          = 1946157056                             {manageable} {ergonomic}
     bool UseCompressedOops                        = true                           {product lp64_product} {ergonomic}
     bool UseG1GC                                  = true                                      {product} {ergonomic}
     bool UseLargePagesIndividualAllocation        = false                                  {pd product} {ergonomic}

Logging:
Log output configuration:
 #0: stdout all=warning uptime,level,tags foldmultilines=false
 #1: stderr all=off uptime,level,tags foldmultilines=false

Release file:
IMPLEMENTOR="Oracle Corporation" 
JAVA_RUNTIME_VERSION="25.0.1+8-LTS-27" 
JAVA_VERSION="25.0.1" 
JAVA_VERSION_DATE="2025-10-21" 
LIBC="default" 
MODULES="java.base java.compiler java.datatransfer java.xml java.prefs java.desktop java.instrument java.logging java.management java.security.sasl java.naming java.rmi java.management.rmi java.net.http java.scripting java.security.jgss java.transaction.xa java.sql java.sql.rowset java.xml.crypto java.se java.smartcardio jdk.accessibility jdk.internal.jvmstat jdk.attach jdk.charsets jdk.internal.opt jdk.zipfs jdk.compiler jdk.crypto.cryptoki jdk.crypto.ec jdk.crypto.mscapi jdk.dynalink jdk.internal.ed jdk.editpad jdk.internal.vm.ci jdk.graal.compiler jdk.graal.compiler.management jdk.hotspot.agent jdk.httpserver jdk.incubator.vector jdk.internal.le jdk.internal.md jdk.jartool jdk.javadoc jdk.jcmd jdk.management jdk.management.agent jdk.jconsole jdk.jdeps jdk.jdwp.agent jdk.jdi jdk.jfr jdk.jlink jdk.jpackage jdk.jshell jdk.jsobject jdk.jstatd jdk.localedata jdk.management.jfr jdk.naming.dns jdk.naming.rmi jdk.net jdk.nio.mapmode jdk.sctp jdk.security.auth jdk.security.jgss jdk.unsupported jdk.unsupported.desktop jdk.xml.dom" 
OS_ARCH="x86_64" 
OS_NAME="Windows" 
SOURCE=".:git:862c85bc42b7 open:git:78770bfaefd2" 

Environment Variables:
PATH=C:\Program Files\Common Files\Oracle\Java\javapath;C:\WINDOWS\system32;C:\WINDOWS;C:\WINDOWS\System32\Wbem;C:\WINDOWS\System32\WindowsPowerShell\v1.0\;C:\WINDOWS\System32\OpenSSH\;C:\Program Files\Git\cmd;C:\Users\jimle\AppData\Local\Microsoft\WindowsApps;C:\msys64;C:\Users\jimle\AppData\Local\Programs\Microsoft VS Code\bin;C:\msys641\ucrt64\bin;C:\msys641\mingw64\bin;
USERNAME=jimle
OS=Windows_NT
PROCESSOR_IDENTIFIER=AMD64 Family 23 Model 160 Stepping 0, AuthenticAMD
TMP=C:\Users\jimle\AppData\Local\Temp
TEMP=C:\Users\jimle\AppData\Local\Temp




Compilation memory statistics disabled.

Periodic native trim disabled

---------------  S Y S T E M  ---------------

OS:
 Windows 11 , 64 bit Build 26100 (10.0.26100.7019)
OS uptime: 7 days 4:20 hours
Hyper-V role detected

CPU: total 8 (initial active 8) (8 cores per cpu, 2 threads per core) family 23 model 160 stepping 0 microcode 0x8a0000a, cx8, cmov, fxsr, ht, mmx, 3dnowpref, sse, sse2, sse3, ssse3, sse4a, sse4.1, sse4.2, popcnt, lzcnt, tsc, tscinvbit, avx, avx2, aes, clmul, bmi1, bmi2, adx, sha, fma, vzeroupper, clflush, clflushopt, clwb, hv, rdtscp, rdpid, f16c
Processor Information for the first 8 processors :
  Max Mhz: 2401, Current Mhz: 2401, Mhz Limit: 2401

Memory: 4k page, system-wide physical 7418M (407M free)
TotalPageFile size 29946M (AvailPageFile size 15M)
current process WorkingSet (physical memory assigned to process): 79M, peak: 79M
current process commit charge ("private bytes"): 114M, peak: 144M

vm_info: Java HotSpot(TM) 64-Bit Server VM (25.0.1+8-LTS-27) for windows-amd64 JRE (25.0.1+8-LTS-27), built on 2025-09-25T16:41:16Z with unknown MS VC++:1943

END.
